# Generated Python inference code for SimpleConvNet
# Multi-paradigm targets: gpu_cuda, loihi2, memristor_array
# WARNING: Auto-generated file, do not edit manually

import numpy as np
from typing import Dict, Any, List, Optional, Tuple

# Hardware-specific imports
try:
    import cupy as cp
    CUDA_AVAILABLE = True
except ImportError:
    CUDA_AVAILABLE = False
    print("Warning: CuPy not available, using NumPy fallback")

# =========================================================================
# 1. Project Configuration
# =========================================================================
PROJECT_NAME = "SimpleConvNet"
VERSION = "1.0.0"
TARGET_HARDWARE = "gpu_cuda, loihi2, memristor_array".split(",")

# =========================================================================
# 2. Tensor Declarations and Memory Management
# =========================================================================

class TensorRegistry:
    """Global tensor storage"""
    def __init__(self):
        self.tensors = {}
        self.shapes = {}
        self.dtypes = {}
        self.layouts = {}
    
    def register(self, name, shape, dtype, layout):
        self.shapes[name] = shape
        self.dtypes[name] = dtype
        self.layouts[name] = layout
        self.tensors[name] = None
    
    def get(self, name):
        return self.tensors.get(name)
    
    def set(self, name, value):
        self.tensors[name] = value

tensors = TensorRegistry()

# Tensor: input_image [1,28,28,1] fp32 nhwc
tensors.register("input_image", tuple(map(int, "1,28,28,1".split(","))), np.float32, "nhwc")
# Tensor: conv1_out [1,26,26,16] fp32 nhwc
tensors.register("conv1_out", tuple(map(int, "1,26,26,16".split(","))), np.float32, "nhwc")
# Tensor: relu1_out [1,26,26,16] fp32 nhwc
tensors.register("relu1_out", tuple(map(int, "1,26,26,16".split(","))), np.float32, "nhwc")
# Tensor: pool1_out [1,13,13,16] fp32 nhwc
tensors.register("pool1_out", tuple(map(int, "1,13,13,16".split(","))), np.float32, "nhwc")
# Tensor: fc1_out [1,10] fp32 nhwc
tensors.register("fc1_out", tuple(map(int, "1,10".split(","))), np.float32, "nhwc")
# Tensor: softmax_out [1,10] fp32 nhwc
tensors.register("softmax_out", tuple(map(int, "1,10".split(","))), np.float32, "nhwc")
# Tensor: conv1_weights [3,3,1,16] fp32 nhwc
tensors.register("conv1_weights", tuple(map(int, "3,3,1,16".split(","))), np.float32, "nhwc")
# Tensor: fc1_weights [2704,10] fp32 nhwc
tensors.register("fc1_weights", tuple(map(int, "2704,10".split(","))), np.float32, "nhwc")

# =========================================================================
# 3. Hardware-Specific Kernel Implementations
# =========================================================================

def kernel_conv2d_cuda(void conv2d(float* in, float* weights, float* out, int N, int H, int W, int C)):
    """
    Kernel: conv2d_cuda
    Hardware: gpu_cuda
    Paradigm: classical
    Standard 2D convolution kernel
    """
    # Performance model: FLOPS = 2*K*K*C_in*C_out*H_out*W_out
    pass  # Kernel implementation placeholder

def kernel_relu_cuda(void relu(float* in, float* out, int size)):
    """
    Kernel: relu_cuda
    Hardware: gpu_cuda
    Paradigm: classical
    ReLU activation kernel
    """
    # Performance model: FLOPS = size
    pass  # Kernel implementation placeholder

def kernel_maxpool_cuda(void maxpool(float* in, float* out, int N, int H, int W, int C)):
    """
    Kernel: maxpool_cuda
    Hardware: gpu_cuda
    Paradigm: classical
    Max pooling kernel
    """
    # Performance model: FLOPS = N*H*W*C*4
    pass  # Kernel implementation placeholder

def kernel_matmul_memristor(void analog_matmul(float* in, float* out, int M, int K, int N)):
    """
    Kernel: matmul_memristor
    Hardware: memristor_array
    Paradigm: analog
    Analog in-memory compute for matmul
    """
    # Performance model: latency = K*t_adc + t_dac
    pass  # Kernel implementation placeholder

def kernel_softmax_cuda(void softmax(float* in, float* out, int size)):
    """
    Kernel: softmax_cuda
    Hardware: gpu_cuda
    Paradigm: classical
    Softmax normalization
    """
    # Performance model: FLOPS = 3*size
    pass  # Kernel implementation placeholder

def kernel_conv_relu_fused(void conv_relu_fused(float* in, float* weights, float* out)):
    """
    Kernel: conv_relu_fused
    Hardware: gpu_cuda
    Paradigm: classical
    Fused convolution + ReLU
    """
    # Performance model: FLOPS = conv_flops + relu_flops, memory_accesses = 0.7*unfused
    pass  # Kernel implementation placeholder

# =========================================================================
# 4. Operation Implementations
# =========================================================================

def op_conv1(tensors: TensorRegistry) -> np.ndarray:
    """
    Operation: conv1
    Type: classical.conv2d
    First convolutional layer
    """
    input = tensors.get("input_image")
    if input is None:
        raise ValueError(f"Input tensor input_image not initialized")
    weights = tensors.get("conv1_weights")
    if weights is None:
        # Initialize parameter with random weights
        shape = tensors.shapes["conv1_weights"]
        weights = np.random.randn(*shape).astype(np.float32) * 0.01
    
    # 2D Convolution
    # Tiling: tile_h=8,tile_w=8
    # Dataflow: output_stationary
    input = input
    weights = weights
    
    # Simple convolution implementation (valid padding)
    batch, in_h, in_w, in_c = input.shape
    k_h, k_w, _, out_c = weights.shape
    out_h = in_h - k_h + 1
    out_w = in_w - k_w + 1
    
    output = np.zeros((batch, out_h, out_w, out_c), dtype=np.float32)
    
    for b in range(batch):
        for oc in range(out_c):
            for h in range(out_h):
                for w in range(out_w):
                    patch = input[b, h:h+k_h, w:w+k_w, :]
                    output[b, h, w, oc] = np.sum(patch * weights[:, :, :, oc])
    
    tensors.set("conv1_out", output)
    
    return output

def op_relu1(tensors: TensorRegistry) -> np.ndarray:
    """
    Operation: relu1
    Type: classical.relu
    ReLU activation
    """
    input = tensors.get("conv1_out")
    if input is None:
        raise ValueError(f"Input tensor conv1_out not initialized")
    
    # ReLU activation
    input = input
    output = np.maximum(0, input)
    
    tensors.set("relu1_out", output)
    
    return output

def op_pool1(tensors: TensorRegistry) -> np.ndarray:
    """
    Operation: pool1
    Type: classical.pool
    2x2 max pooling
    """
    input = tensors.get("relu1_out")
    if input is None:
        raise ValueError(f"Input tensor relu1_out not initialized")
    
    # Max pooling (2x2 with stride 2)
    input = input
    
    batch, in_h, in_w, channels = input.shape
    out_h = in_h // 2
    out_w = in_w // 2
    
    output = np.zeros((batch, out_h, out_w, channels), dtype=np.float32)
    
    for b in range(batch):
        for c in range(channels):
            for h in range(out_h):
                for w in range(out_w):
                    h_start = h * 2
                    w_start = w * 2
                    pool_region = input[b, h_start:h_start+2, w_start:w_start+2, c]
                    output[b, h, w, c] = np.max(pool_region)
    
    tensors.set("pool1_out", output)
    
    return output

def op_fc1(tensors: TensorRegistry) -> np.ndarray:
    """
    Operation: fc1
    Type: classical.matmul
    Fully connected layer
    """
    input = tensors.get("pool1_out")
    if input is None:
        raise ValueError(f"Input tensor pool1_out not initialized")
    weights = tensors.get("fc1_weights")
    if weights is None:
        # Initialize parameter with random weights
        shape = tensors.shapes["fc1_weights"]
        weights = np.random.randn(*shape).astype(np.float32) * 0.01
    
    # Matrix multiplication (fully connected)
    # Tiling: M=128,N=16,K=128
    input = input
    weights = weights
    
    # Flatten input
    input_flat = input.reshape(-1)
    
    # Matrix-vector multiply
    output = np.dot(input_flat, weights)
    
    tensors.set("fc1_out", output)
    
    return output

def op_softmax(tensors: TensorRegistry) -> np.ndarray:
    """
    Operation: softmax
    Type: classical.softmax
    Softmax for class probabilities
    """
    input = tensors.get("fc1_out")
    if input is None:
        raise ValueError(f"Input tensor fc1_out not initialized")
    
    # Softmax normalization
    input = input
    
    # Numerically stable softmax
    input_flat = input.flatten()
    exp_values = np.exp(input_flat - np.max(input_flat))
    output = exp_values / np.sum(exp_values)
    output = output.reshape(input.shape)
    
    tensors.set("softmax_out", output)
    
    return output

# =========================================================================
# 5. Compute Graph Execution
# =========================================================================

def execute_mnist_classifier(input_data: np.ndarray) -> np.ndarray:
    """
    Execute compute graph: mnist_classifier
    Simple CNN: Conv -> ReLU -> Pool -> FC -> Softmax
    Entry point: conv1
    """
    print(f"Executing compute graph: mnist_classifier")
    
    # Store input tensor
    
    # Execute operations in dependency order
    # Entry point: conv1
    op_conv1(tensors)
    
    # Execute dependent operations
    op_conv1(tensors)
    op_relu1(tensors)
    op_pool1(tensors)
    op_fc1(tensors)
    
    # Return final output
    result = tensors.get("softmax_out")
    
    return result

# =========================================================================
# 6. Energy and Performance Monitoring
# =========================================================================

class EnergyMonitor:
    """Energy monitoring and budget tracking"""
    def __init__(self):
        self.total_budget = 0.1
        self.source = "battery"
        self.consumed = 0.0
        self.operation_energy = {}
        
        # conv1: 0.04J (high priority)
        self.operation_energy["conv1"] = 0.0

class gpu_cudaBackend:
    """NVIDIA GPU for classical ops"""
    def __init__(self):
        self.name = "gpu_cuda"
        self.paradigm = "classical"
        self.backend = "cuda"
        self.vendor = "nvidia"
        self.emulation = false
    
    def is_available(self) -> bool:
        if self.emulation:
            return True
        # Check hardware availability
        if self.paradigm == "classical" and self.backend == "cuda":
            return CUDA_AVAILABLE
        return False
    
    def execute(self, op_name: str, tensors: TensorRegistry):
        """Execute operation on this hardware"""
        op_func = globals().get(f"op_{op_name}")
        if op_func:
            return op_func(tensors)
        else:
            raise ValueError(f"Operation {op_name} not found")

# gpu_cuda_backend = gpu_cudaBackend()


class bayesian_tile_optOptimizer:
    """Bayesian optimization for tile sizes"""
    def __init__(self):
        self.strategy = "bayesian_tile_opt"
        self.algorithm = "bayesian_opt"
        self.parallel = true
        self.objective = "minimize_latency"
        self.constraints = "energy<0.1J,accuracy>0.95"
        self.parameters = {}
        self.parameters["tile_h"] = {
            "type": "discrete",
            "range": (4, 16),
            "initial": 8,
            "mutation_rate": 0.1
        }
        self.parameters["tile_w"] = {
            "type": "discrete",
            "range": (4, 16),
            "initial": 8,
            "mutation_rate": 0.1
        }
    
    def optimize(self, objective_fn):
        """Run optimization"""
        print(f"Running {self.algorithm} optimization...")
        # TODO: Implement optimization algorithm
        return None

# bayesian_tile_opt_optimizer = bayesian_tile_optOptimizer()


class loihi2Backend:
    """Intel Loihi 2 neuromorphic chip"""
    def __init__(self):
        self.name = "loihi2"
        self.paradigm = "neuromorphic"
        self.backend = "loihi"
        self.vendor = "intel"
        self.emulation = false
    
    def is_available(self) -> bool:
        if self.emulation:
            return True
        # Check hardware availability
        if self.paradigm == "classical" and self.backend == "cuda":
            return CUDA_AVAILABLE
        return False
    
    def execute(self, op_name: str, tensors: TensorRegistry):
        """Execute operation on this hardware"""
        op_func = globals().get(f"op_{op_name}")
        if op_func:
            return op_func(tensors)
        else:
            raise ValueError(f"Operation {op_name} not found")

# loihi2_backend = loihi2Backend()


class bayesian_tile_optOptimizer:
    """Bayesian optimization for tile sizes"""
    def __init__(self):
        self.strategy = "bayesian_tile_opt"
        self.algorithm = "bayesian_opt"
        self.parallel = true
        self.objective = "minimize_latency"
        self.constraints = "energy<0.1J,accuracy>0.95"
        self.parameters = {}
        self.parameters["tile_h"] = {
            "type": "discrete",
            "range": (4, 16),
            "initial": 8,
            "mutation_rate": 0.1
        }
        self.parameters["tile_w"] = {
            "type": "discrete",
            "range": (4, 16),
            "initial": 8,
            "mutation_rate": 0.1
        }
    
    def optimize(self, objective_fn):
        """Run optimization"""
        print(f"Running {self.algorithm} optimization...")
        # TODO: Implement optimization algorithm
        return None

# bayesian_tile_opt_optimizer = bayesian_tile_optOptimizer()


class memristor_arrayBackend:
    """Analog memristor crossbar"""
    def __init__(self):
        self.name = "memristor_array"
        self.paradigm = "analog"
        self.backend = "memristor"
        self.vendor = "extropic"
        self.emulation = false
    
    def is_available(self) -> bool:
        if self.emulation:
            return True
        # Check hardware availability
        if self.paradigm == "classical" and self.backend == "cuda":
            return CUDA_AVAILABLE
        return False
    
    def execute(self, op_name: str, tensors: TensorRegistry):
        """Execute operation on this hardware"""
        op_func = globals().get(f"op_{op_name}")
        if op_func:
            return op_func(tensors)
        else:
            raise ValueError(f"Operation {op_name} not found")

# memristor_array_backend = memristor_arrayBackend()


class bayesian_tile_optOptimizer:
    """Bayesian optimization for tile sizes"""
    def __init__(self):
        self.strategy = "bayesian_tile_opt"
        self.algorithm = "bayesian_opt"
        self.parallel = true
        self.objective = "minimize_latency"
        self.constraints = "energy<0.1J,accuracy>0.95"
        self.parameters = {}
        self.parameters["tile_h"] = {
            "type": "discrete",
            "range": (4, 16),
            "initial": 8,
            "mutation_rate": 0.1
        }
        self.parameters["tile_w"] = {
            "type": "discrete",
            "range": (4, 16),
            "initial": 8,
            "mutation_rate": 0.1
        }
    
    def optimize(self, objective_fn):
        """Run optimization"""
        print(f"Running {self.algorithm} optimization...")
        # TODO: Implement optimization algorithm
        return None

# bayesian_tile_opt_optimizer = bayesian_tile_optOptimizer()

        # fc1: 0.03J (high priority)
        self.operation_energy["fc1"] = 0.0

class gpu_cudaBackend:
    """NVIDIA GPU for classical ops"""
    def __init__(self):
        self.name = "gpu_cuda"
        self.paradigm = "classical"
        self.backend = "cuda"
        self.vendor = "nvidia"
        self.emulation = false
    
    def is_available(self) -> bool:
        if self.emulation:
            return True
        # Check hardware availability
        if self.paradigm == "classical" and self.backend == "cuda":
            return CUDA_AVAILABLE
        return False
    
    def execute(self, op_name: str, tensors: TensorRegistry):
        """Execute operation on this hardware"""
        op_func = globals().get(f"op_{op_name}")
        if op_func:
            return op_func(tensors)
        else:
            raise ValueError(f"Operation {op_name} not found")

# gpu_cuda_backend = gpu_cudaBackend()


class bayesian_tile_optOptimizer:
    """Bayesian optimization for tile sizes"""
    def __init__(self):
        self.strategy = "bayesian_tile_opt"
        self.algorithm = "bayesian_opt"
        self.parallel = true
        self.objective = "minimize_latency"
        self.constraints = "energy<0.1J,accuracy>0.95"
        self.parameters = {}
        self.parameters["tile_h"] = {
            "type": "discrete",
            "range": (4, 16),
            "initial": 8,
            "mutation_rate": 0.1
        }
        self.parameters["tile_w"] = {
            "type": "discrete",
            "range": (4, 16),
            "initial": 8,
            "mutation_rate": 0.1
        }
    
    def optimize(self, objective_fn):
        """Run optimization"""
        print(f"Running {self.algorithm} optimization...")
        # TODO: Implement optimization algorithm
        return None

# bayesian_tile_opt_optimizer = bayesian_tile_optOptimizer()


class loihi2Backend:
    """Intel Loihi 2 neuromorphic chip"""
    def __init__(self):
        self.name = "loihi2"
        self.paradigm = "neuromorphic"
        self.backend = "loihi"
        self.vendor = "intel"
        self.emulation = false
    
    def is_available(self) -> bool:
        if self.emulation:
            return True
        # Check hardware availability
        if self.paradigm == "classical" and self.backend == "cuda":
            return CUDA_AVAILABLE
        return False
    
    def execute(self, op_name: str, tensors: TensorRegistry):
        """Execute operation on this hardware"""
        op_func = globals().get(f"op_{op_name}")
        if op_func:
            return op_func(tensors)
        else:
            raise ValueError(f"Operation {op_name} not found")

# loihi2_backend = loihi2Backend()


class bayesian_tile_optOptimizer:
    """Bayesian optimization for tile sizes"""
    def __init__(self):
        self.strategy = "bayesian_tile_opt"
        self.algorithm = "bayesian_opt"
        self.parallel = true
        self.objective = "minimize_latency"
        self.constraints = "energy<0.1J,accuracy>0.95"
        self.parameters = {}
        self.parameters["tile_h"] = {
            "type": "discrete",
            "range": (4, 16),
            "initial": 8,
            "mutation_rate": 0.1
        }
        self.parameters["tile_w"] = {
            "type": "discrete",
            "range": (4, 16),
            "initial": 8,
            "mutation_rate": 0.1
        }
    
    def optimize(self, objective_fn):
        """Run optimization"""
        print(f"Running {self.algorithm} optimization...")
        # TODO: Implement optimization algorithm
        return None

# bayesian_tile_opt_optimizer = bayesian_tile_optOptimizer()


class memristor_arrayBackend:
    """Analog memristor crossbar"""
    def __init__(self):
        self.name = "memristor_array"
        self.paradigm = "analog"
        self.backend = "memristor"
        self.vendor = "extropic"
        self.emulation = false
    
    def is_available(self) -> bool:
        if self.emulation:
            return True
        # Check hardware availability
        if self.paradigm == "classical" and self.backend == "cuda":
            return CUDA_AVAILABLE
        return False
    
    def execute(self, op_name: str, tensors: TensorRegistry):
        """Execute operation on this hardware"""
        op_func = globals().get(f"op_{op_name}")
        if op_func:
            return op_func(tensors)
        else:
            raise ValueError(f"Operation {op_name} not found")

# memristor_array_backend = memristor_arrayBackend()


class bayesian_tile_optOptimizer:
    """Bayesian optimization for tile sizes"""
    def __init__(self):
        self.strategy = "bayesian_tile_opt"
        self.algorithm = "bayesian_opt"
        self.parallel = true
        self.objective = "minimize_latency"
        self.constraints = "energy<0.1J,accuracy>0.95"
        self.parameters = {}
        self.parameters["tile_h"] = {
            "type": "discrete",
            "range": (4, 16),
            "initial": 8,
            "mutation_rate": 0.1
        }
        self.parameters["tile_w"] = {
            "type": "discrete",
            "range": (4, 16),
            "initial": 8,
            "mutation_rate": 0.1
        }
    
    def optimize(self, objective_fn):
        """Run optimization"""
        print(f"Running {self.algorithm} optimization...")
        # TODO: Implement optimization algorithm
        return None

# bayesian_tile_opt_optimizer = bayesian_tile_optOptimizer()

    
    def record_operation(self, op_name: str, actual_energy: float):
        """Record actual energy consumption"""
        self.operation_energy[op_name] = actual_energy
        self.consumed += actual_energy
    
    def get_remaining_budget(self) -> float:
        return self.total_budget - self.consumed
    
    def check_violation(self) -> bool:
        return self.consumed > self.total_budget
    
    def report(self):
        print(f"Energy Budget: {self.total_budget}J")
        print(f"Energy Consumed: {self.consumed}J")
        print(f"Remaining: {self.get_remaining_budget()}J")
        for op, energy in self.operation_energy.items():
            print(f"  {op}: {energy}J")

energy_monitor = EnergyMonitor()

# =========================================================================
# 7. Main Inference Entry Point
# =========================================================================

if __name__ == "__main__":
    print(f"Generated inference code for {PROJECT_NAME} v{VERSION}")
    print(f"Target hardware: {TARGET_HARDWARE}")
    
    # Initialize system
    if CUDA_AVAILABLE:
        print("CUDA backend initialized")
    else:
        print("Using CPU fallback")
    
    # Run sample inference
    sample_input = np.random.randn(1, 28, 28, 1).astype(np.float32)
    result = execute_mnist_classifier(sample_input)
    print(f"Inference completed. Output shape: {result.shape}")
    print(f"Class probabilities: {result.flatten()}")
